12/12/2019 02:50:10 PM: INFO: ******* Starting Test_002_DDT_Login Test **********
12/12/2019 02:50:10 PM: INFO: ******* Starting Login DDT Test **********
12/12/2019 02:50:28 PM: INFO: **** passed ****
12/12/2019 02:50:36 PM: INFO: **** passed ****
12/12/2019 02:50:42 PM: INFO: **** passed ****
12/12/2019 02:50:48 PM: INFO: **** passed ****
12/12/2019 02:50:48 PM: INFO: ******* DDT Login test passed **********
12/12/2019 02:50:48 PM: INFO: ******* End of Login DDT Test **********
12/12/2019 02:50:48 PM: INFO: **************** Completed  TC_LoginDDT_002 ************* 
12/12/2019 03:00:49 PM: INFO: ************* Test_003_AddCustomer **********
12/12/2019 03:01:03 PM: INFO: ************* Login succesful **********
12/12/2019 03:01:03 PM: INFO: ******* Starting Add Customer Test **********
12/12/2019 03:01:08 PM: INFO: ************* Providing customer info **********
12/12/2019 03:01:14 PM: INFO: ************* Saving customer info **********
12/12/2019 03:01:14 PM: INFO: ********* Add customer validation started *****************
12/12/2019 03:01:20 PM: INFO: ********* Add customer Test Passed *********
12/12/2019 03:01:20 PM: INFO: ******* Ending Home Page Title Test **********
12/17/2019 05:37:53 PM: INFO: ************* Test_003_AddCustomer **********
12/17/2019 05:38:07 PM: INFO: ************* Login succesful **********
12/17/2019 05:38:07 PM: INFO: ******* Starting Add Customer Test **********
12/17/2019 05:38:11 PM: INFO: ************* Providing customer info **********
12/17/2019 05:38:19 PM: INFO: ************* Saving customer info **********
12/17/2019 05:38:19 PM: INFO: ********* Add customer validation started *****************
12/17/2019 05:38:25 PM: ERROR: ********* Add customer Test Failed ************
12/17/2019 05:40:18 PM: INFO: ************* Test_003_AddCustomer **********
12/17/2019 05:40:32 PM: INFO: ************* Login succesful **********
12/17/2019 05:40:32 PM: INFO: ******* Starting Add Customer Test **********
12/17/2019 05:42:05 PM: INFO: ************* Test_003_AddCustomer **********
12/17/2019 05:42:19 PM: INFO: ************* Login succesful **********
12/17/2019 05:42:19 PM: INFO: ******* Starting Add Customer Test **********
12/17/2019 05:42:24 PM: INFO: ************* Providing customer info **********
12/17/2019 05:42:32 PM: INFO: ************* Saving customer info **********
12/17/2019 05:42:32 PM: INFO: ********* Add customer validation started *****************
12/17/2019 05:42:38 PM: ERROR: ********* Add customer Test Failed ************
12/17/2019 05:44:12 PM: INFO: ************* Test_003_AddCustomer **********
12/17/2019 05:44:22 PM: INFO: ************* Login succesful **********
12/17/2019 05:44:22 PM: INFO: ******* Starting Add Customer Test **********
12/17/2019 05:44:25 PM: INFO: ************* Providing customer info **********
12/17/2019 05:44:33 PM: INFO: ************* Saving customer info **********
12/17/2019 05:44:33 PM: INFO: ********* Add customer validation started *****************
12/17/2019 05:44:38 PM: ERROR: ********* Add customer Test Failed ************
12/17/2019 06:10:25 PM: INFO: ************* Test_003_AddCustomer **********
12/17/2019 06:10:38 PM: INFO: ************* Login succesful **********
12/17/2019 06:10:38 PM: INFO: ******* Starting Add Customer Test **********
12/17/2019 06:10:42 PM: INFO: ************* Providing customer info **********
12/17/2019 06:10:50 PM: INFO: ************* Saving customer info **********
12/17/2019 06:10:50 PM: INFO: ********* Add customer validation started *****************
12/17/2019 06:10:55 PM: ERROR: ********* Add customer Test Failed ************
12/17/2019 07:32:28 PM: INFO: ************* Test_003_AddCustomer **********
12/17/2019 07:32:37 PM: INFO: ************* Login succesful **********
12/17/2019 07:32:37 PM: INFO: ******* Starting Add Customer Test **********
12/17/2019 07:32:41 PM: INFO: ************* Providing customer info **********
12/17/2019 07:32:50 PM: INFO: ************* Saving customer info **********
12/17/2019 07:32:50 PM: INFO: ********* Add customer validation started *****************
12/17/2019 07:32:51 PM: INFO: ********* Add customer Test Passed *********
12/17/2019 07:32:51 PM: INFO: ******* Ending Home Page Title Test **********
12/17/2019 07:37:33 PM: INFO: ************* Test_003_AddCustomer **********
12/17/2019 07:37:46 PM: INFO: ************* Login succesful **********
12/17/2019 07:37:46 PM: INFO: ******* Starting Add Customer Test **********
12/17/2019 07:37:50 PM: INFO: ************* Providing customer info **********
12/17/2019 07:38:02 PM: INFO: ************* Saving customer info **********
12/17/2019 07:38:02 PM: INFO: ********* Add customer validation started *****************
12/17/2019 07:38:02 PM: INFO: ********* Add customer Test Passed *********
12/17/2019 07:38:02 PM: INFO: ******* Ending Home Page Title Test **********
12/17/2019 07:38:38 PM: INFO: ************* Test_003_AddCustomer **********
12/17/2019 07:38:48 PM: INFO: ************* Login succesful **********
12/17/2019 07:38:48 PM: INFO: ******* Starting Add Customer Test **********
12/17/2019 07:38:52 PM: INFO: ************* Providing customer info **********
12/17/2019 07:39:04 PM: INFO: ************* Saving customer info **********
12/17/2019 07:39:04 PM: INFO: ********* Add customer validation started *****************
12/17/2019 07:39:04 PM: INFO: ********* Add customer Test Passed *********
12/17/2019 07:39:04 PM: INFO: ******* Ending Home Page Title Test **********
12/17/2019 08:31:25 PM: INFO: ************* SearchCustomerByEmail_004 **********
12/17/2019 08:31:38 PM: INFO: ************* Login succesful **********
12/17/2019 08:31:38 PM: INFO: ******* Starting Search Customer By Email **********
12/17/2019 08:31:43 PM: INFO: ************* searching customer by emailID **********
12/17/2019 08:32:49 PM: INFO: ************* SearchCustomerByEmail_004 **********
12/17/2019 08:33:01 PM: INFO: ************* Login succesful **********
12/17/2019 08:33:01 PM: INFO: ******* Starting Search Customer By Email **********
12/17/2019 08:33:02 PM: INFO: ************* searching customer by emailID **********
12/17/2019 08:34:09 PM: INFO: ************* SearchCustomerByEmail_004 **********
12/17/2019 08:34:18 PM: INFO: ************* Login succesful **********
12/17/2019 08:34:18 PM: INFO: ******* Starting Search Customer By Email **********
12/17/2019 08:34:21 PM: INFO: ************* searching customer by emailID **********
12/17/2019 08:36:34 PM: INFO: ************* SearchCustomerByEmail_004 **********
12/17/2019 08:36:45 PM: INFO: ************* Login succesful **********
12/17/2019 08:36:45 PM: INFO: ******* Starting Search Customer By Email **********
12/17/2019 08:36:47 PM: INFO: ************* searching customer by emailID **********
12/17/2019 08:39:36 PM: INFO: ************* SearchCustomerByEmail_004 **********
12/17/2019 08:39:51 PM: INFO: ************* Login succesful **********
12/17/2019 08:39:51 PM: INFO: ******* Starting Search Customer By Email **********
12/17/2019 08:39:53 PM: INFO: ************* searching customer by emailID **********
12/17/2019 08:39:59 PM: INFO: ***************  TC_SearchCustomerByEmail_004 Finished  *********** 
12/17/2019 08:47:35 PM: INFO: ************* SearchCustomerByName_005 **********
12/17/2019 08:47:48 PM: INFO: ************* Login succesful **********
12/17/2019 08:47:48 PM: INFO: ******* Starting Search Customer By Name **********
12/17/2019 08:47:49 PM: INFO: ************* searching customer by Name **********
12/17/2019 08:49:38 PM: INFO: ************* SearchCustomerByName_005 **********
12/17/2019 08:49:50 PM: INFO: ************* Login succesful **********
12/17/2019 08:49:50 PM: INFO: ******* Starting Search Customer By Name **********
12/17/2019 08:51:01 PM: INFO: ************* SearchCustomerByName_005 **********
12/17/2019 08:51:15 PM: INFO: ************* Login succesful **********
12/17/2019 08:51:15 PM: INFO: ******* Starting Search Customer By Name **********
12/17/2019 08:51:20 PM: INFO: ************* searching customer by Name **********
12/17/2019 08:51:25 PM: INFO: ***************  TC_SearchCustomerByName_005 Finished  *********** 
12/18/2019 11:23:06 AM: INFO: ************* Test_003_AddCustomer **********
12/18/2019 11:23:20 AM: INFO: ************* Login succesful **********
12/18/2019 11:23:20 AM: INFO: ******* Starting Add Customer Test **********
12/18/2019 11:23:23 AM: INFO: ************* Providing customer info **********
12/18/2019 11:23:35 AM: INFO: ************* Saving customer info **********
12/18/2019 11:23:35 AM: INFO: ********* Add customer validation started *****************
12/18/2019 11:23:35 AM: INFO: ********* Add customer Test Passed *********
12/18/2019 11:23:36 AM: INFO: ******* Ending Home Page Title Test **********
12/18/2019 11:23:41 AM: INFO: ************** Test_001_Login ************ 
12/18/2019 11:23:41 AM: INFO: ************** Started home page title test ************ 
12/18/2019 11:23:44 AM: INFO: ************** Home PageTitle test is passed ************ 
12/18/2019 11:23:49 AM: INFO: ************** Login Test is started ************ 
12/18/2019 11:23:58 AM: INFO: ************** Login test test is passed ************ 
12/18/2019 11:24:04 AM: INFO: ******* Starting Test_002_DDT_Login Test **********
12/18/2019 11:24:04 AM: INFO: ******* Starting Login DDT Test **********
12/18/2019 11:24:23 AM: INFO: **** passed ****
12/18/2019 11:24:31 AM: INFO: **** passed ****
12/18/2019 11:24:37 AM: INFO: **** passed ****
12/18/2019 11:24:42 AM: INFO: **** passed ****
12/18/2019 11:24:42 AM: INFO: ******* DDT Login test passed **********
12/18/2019 11:24:42 AM: INFO: ******* End of Login DDT Test **********
12/18/2019 11:24:42 AM: INFO: **************** Completed  TC_LoginDDT_002 ************* 
12/18/2019 11:24:48 AM: INFO: ************* SearchCustomerByEmail_004 **********
12/18/2019 11:24:59 AM: INFO: ************* Login succesful **********
12/18/2019 11:24:59 AM: INFO: ******* Starting Search Customer By Email **********
12/18/2019 11:25:02 AM: INFO: ************* searching customer by emailID **********
12/18/2019 11:25:07 AM: INFO: ***************  TC_SearchCustomerByEmail_004 Finished  *********** 
12/18/2019 11:25:13 AM: INFO: ************* SearchCustomerByName_005 **********
12/18/2019 11:25:22 AM: INFO: ************* Login succesful **********
12/18/2019 11:25:22 AM: INFO: ******* Starting Search Customer By Name **********
12/18/2019 11:25:27 AM: INFO: ************* searching customer by Name **********
12/18/2019 11:25:33 AM: INFO: ***************  TC_SearchCustomerByName_005 Finished  *********** 
12/18/2019 11:29:08 AM: INFO: ************* Test_003_AddCustomer **********
12/18/2019 11:29:20 AM: INFO: ************* Login succesful **********
12/18/2019 11:29:20 AM: INFO: ******* Starting Add Customer Test **********
12/18/2019 11:29:25 AM: INFO: ************* Providing customer info **********
12/18/2019 11:29:37 AM: INFO: ************* Saving customer info **********
12/18/2019 11:29:37 AM: INFO: ********* Add customer validation started *****************
12/18/2019 11:29:37 AM: INFO: ********* Add customer Test Passed *********
12/18/2019 11:29:37 AM: INFO: ******* Ending Home Page Title Test **********
12/18/2019 11:29:42 AM: INFO: ************** Test_001_Login ************ 
12/18/2019 11:29:42 AM: INFO: ************** Started home page title test ************ 
12/18/2019 11:29:45 AM: INFO: ************** Home PageTitle test is passed ************ 
12/18/2019 11:29:51 AM: INFO: ************** Login Test is started ************ 
12/18/2019 11:29:58 AM: INFO: ************** Login test test is passed ************ 
12/18/2019 11:30:04 AM: INFO: ******* Starting Test_002_DDT_Login Test **********
12/18/2019 11:30:04 AM: INFO: ******* Starting Login DDT Test **********
12/18/2019 11:30:19 AM: INFO: **** passed ****
12/18/2019 11:30:26 AM: INFO: **** passed ****
12/18/2019 11:30:33 AM: INFO: **** passed ****
12/18/2019 11:30:38 AM: INFO: **** passed ****
12/18/2019 11:30:38 AM: INFO: ******* DDT Login test passed **********
12/18/2019 11:30:38 AM: INFO: ******* End of Login DDT Test **********
12/18/2019 11:30:38 AM: INFO: **************** Completed  TC_LoginDDT_002 ************* 
12/18/2019 11:30:44 AM: INFO: ************* SearchCustomerByEmail_004 **********
12/18/2019 11:30:57 AM: INFO: ************* Login succesful **********
12/18/2019 11:30:57 AM: INFO: ******* Starting Search Customer By Email **********
12/18/2019 11:30:59 AM: INFO: ************* searching customer by emailID **********
12/18/2019 11:31:04 AM: INFO: ***************  TC_SearchCustomerByEmail_004 Finished  *********** 
12/18/2019 11:31:10 AM: INFO: ************* SearchCustomerByName_005 **********
12/18/2019 11:31:19 AM: INFO: ************* Login succesful **********
12/18/2019 11:31:19 AM: INFO: ******* Starting Search Customer By Name **********
12/18/2019 11:31:24 AM: INFO: ************* searching customer by Name **********
12/18/2019 11:31:29 AM: INFO: ***************  TC_SearchCustomerByName_005 Finished  *********** 
12/18/2019 11:39:40 AM: INFO: ************* Test_003_AddCustomer **********
12/18/2019 11:39:53 AM: INFO: ************* Login succesful **********
12/18/2019 11:39:53 AM: INFO: ******* Starting Add Customer Test **********
12/18/2019 11:39:57 AM: INFO: ************* Providing customer info **********
12/18/2019 11:40:10 AM: INFO: ************* Saving customer info **********
12/18/2019 11:40:10 AM: INFO: ********* Add customer validation started *****************
12/18/2019 11:40:10 AM: INFO: ********* Add customer Test Passed *********
12/18/2019 11:40:10 AM: INFO: ******* Ending Home Page Title Test **********
12/18/2019 11:40:16 AM: INFO: ************** Test_001_Login ************ 
12/18/2019 11:40:16 AM: INFO: ************** Started home page title test ************ 
12/18/2019 11:40:19 AM: INFO: ************** Home PageTitle test is passed ************ 
12/18/2019 11:40:25 AM: INFO: ************** Login Test is started ************ 
12/18/2019 11:40:33 AM: INFO: ************** Login test test is passed ************ 
12/18/2019 11:40:43 AM: INFO: ******* Starting Test_002_DDT_Login Test **********
12/18/2019 11:40:43 AM: INFO: ******* Starting Login DDT Test **********
12/18/2019 11:41:00 AM: INFO: **** passed ****
12/18/2019 11:41:09 AM: INFO: **** passed ****
12/18/2019 11:41:14 AM: INFO: **** passed ****
12/18/2019 11:41:20 AM: INFO: **** passed ****
12/18/2019 11:41:20 AM: INFO: ******* DDT Login test passed **********
12/18/2019 11:41:20 AM: INFO: ******* End of Login DDT Test **********
12/18/2019 11:41:20 AM: INFO: **************** Completed  TC_LoginDDT_002 ************* 
12/18/2019 11:41:26 AM: INFO: ************* SearchCustomerByEmail_004 **********
12/18/2019 11:41:37 AM: INFO: ************* Login succesful **********
12/18/2019 11:41:37 AM: INFO: ******* Starting Search Customer By Email **********
12/18/2019 11:41:39 AM: INFO: ************* searching customer by emailID **********
12/18/2019 11:41:45 AM: INFO: ***************  TC_SearchCustomerByEmail_004 Finished  *********** 
12/18/2019 11:41:50 AM: INFO: ************* SearchCustomerByName_005 **********
12/18/2019 11:42:00 AM: INFO: ************* Login succesful **********
12/18/2019 11:42:00 AM: INFO: ******* Starting Search Customer By Name **********
12/18/2019 11:42:05 AM: INFO: ************* searching customer by Name **********
12/18/2019 11:42:14 AM: INFO: ***************  TC_SearchCustomerByName_005 Finished  *********** 
12/18/2019 11:54:34 AM: INFO: ************* Test_003_AddCustomer **********
12/18/2019 11:54:43 AM: INFO: ************* Login succesful **********
12/18/2019 11:54:43 AM: INFO: ******* Starting Add Customer Test **********
12/18/2019 01:02:18 PM: INFO: ************* Test_003_AddCustomer **********
12/18/2019 01:02:33 PM: INFO: ************* Login succesful **********
12/18/2019 01:02:33 PM: INFO: ******* Starting Add Customer Test **********
12/18/2019 01:02:39 PM: INFO: ************* Providing customer info **********
12/18/2019 01:02:53 PM: INFO: ************* Saving customer info **********
12/18/2019 01:02:53 PM: INFO: ********* Add customer validation started *****************
12/18/2019 01:02:54 PM: INFO: ********* Add customer Test Passed *********
12/18/2019 01:02:54 PM: INFO: ******* Ending Home Page Title Test **********
12/18/2019 01:03:00 PM: INFO: ************** Test_001_Login ************ 
12/18/2019 01:03:00 PM: INFO: ************** Started home page title test ************ 
12/18/2019 01:03:04 PM: INFO: ************** Home PageTitle test is passed ************ 
12/18/2019 01:03:10 PM: INFO: ************** Login Test is started ************ 
12/18/2019 01:03:19 PM: INFO: ************** Login test test is passed ************ 
12/18/2019 01:03:29 PM: INFO: ******* Starting Test_002_DDT_Login Test **********
12/18/2019 01:03:29 PM: INFO: ******* Starting Login DDT Test **********
12/18/2019 01:03:46 PM: INFO: **** passed ****
12/18/2019 01:03:54 PM: INFO: **** passed ****
12/18/2019 01:04:00 PM: INFO: **** passed ****
12/18/2019 01:04:06 PM: INFO: **** passed ****
12/18/2019 01:04:06 PM: INFO: ******* DDT Login test passed **********
12/18/2019 01:04:06 PM: INFO: ******* End of Login DDT Test **********
12/18/2019 01:04:06 PM: INFO: **************** Completed  TC_LoginDDT_002 ************* 
12/18/2019 01:04:12 PM: INFO: ************* SearchCustomerByEmail_004 **********
12/18/2019 01:04:24 PM: INFO: ************* Login succesful **********
12/18/2019 01:04:24 PM: INFO: ******* Starting Search Customer By Email **********
12/18/2019 01:04:27 PM: INFO: ************* searching customer by emailID **********
12/18/2019 01:04:33 PM: INFO: ***************  TC_SearchCustomerByEmail_004 Finished  *********** 
12/18/2019 01:04:39 PM: INFO: ************* SearchCustomerByName_005 **********
12/18/2019 01:04:52 PM: INFO: ************* Login succesful **********
12/18/2019 01:04:52 PM: INFO: ******* Starting Search Customer By Name **********
12/18/2019 01:04:58 PM: INFO: ************* searching customer by Name **********
12/18/2019 01:05:04 PM: INFO: ***************  TC_SearchCustomerByName_005 Finished  *********** 
12/18/2019 01:30:37 PM: INFO: ************* Test_003_AddCustomer **********
12/18/2019 01:30:48 PM: INFO: ************* Login succesful **********
12/18/2019 01:30:48 PM: INFO: ******* Starting Add Customer Test **********
12/18/2019 01:30:51 PM: INFO: ************* Providing customer info **********
12/18/2019 01:37:50 PM: INFO: ************* Test_003_AddCustomer **********
12/18/2019 01:40:27 PM: INFO: ************* Test_003_AddCustomer **********
12/18/2019 01:40:40 PM: INFO: ************* Login succesful **********
12/18/2019 01:40:40 PM: INFO: ******* Starting Add Customer Test **********
12/18/2019 01:40:45 PM: INFO: ************* Providing customer info **********
12/18/2019 01:40:57 PM: INFO: ************* Saving customer info **********
12/18/2019 01:40:57 PM: INFO: ********* Add customer validation started *****************
12/18/2019 01:40:58 PM: INFO: ********* Add customer Test Passed *********
12/18/2019 01:41:02 PM: INFO: ******* Ending Home Page Title Test **********
12/18/2019 01:41:07 PM: INFO: ************** Test_001_Login ************ 
12/18/2019 01:41:07 PM: INFO: ************** Started home page title test ************ 
12/18/2019 01:41:12 PM: INFO: ************** Home PageTitle test is passed ************ 
12/18/2019 01:41:17 PM: INFO: ************** Login Test is started ************ 
12/18/2019 01:41:27 PM: INFO: ************** Login test test is passed ************ 
12/18/2019 01:41:37 PM: INFO: ******* Starting Test_002_DDT_Login Test **********
12/18/2019 01:41:37 PM: INFO: ******* Starting Login DDT Test **********
12/18/2019 01:41:54 PM: INFO: **** passed ****
12/18/2019 01:42:02 PM: INFO: **** passed ****
12/18/2019 01:42:07 PM: INFO: **** passed ****
12/18/2019 01:42:13 PM: INFO: **** passed ****
12/18/2019 01:42:13 PM: INFO: ******* DDT Login test passed **********
12/18/2019 01:42:13 PM: INFO: ******* End of Login DDT Test **********
12/18/2019 01:42:13 PM: INFO: **************** Completed  TC_LoginDDT_002 ************* 
12/18/2019 01:42:18 PM: INFO: ************* SearchCustomerByEmail_004 **********
12/18/2019 01:42:31 PM: INFO: ************* Login succesful **********
12/18/2019 01:42:31 PM: INFO: ******* Starting Search Customer By Email **********
12/18/2019 01:42:37 PM: INFO: ************* SearchCustomerByName_005 **********
12/18/2019 01:42:49 PM: INFO: ************* Login succesful **********
12/18/2019 01:42:49 PM: INFO: ******* Starting Search Customer By Name **********
12/18/2019 01:42:53 PM: INFO: ************* searching customer by Name **********
12/18/2019 01:43:02 PM: INFO: ***************  TC_SearchCustomerByName_005 Finished  *********** 
12/18/2019 01:47:19 PM: INFO: ************* Test_003_AddCustomer **********
12/18/2019 01:47:32 PM: INFO: ************* Login succesful **********
12/18/2019 01:47:32 PM: INFO: ******* Starting Add Customer Test **********
12/18/2019 01:47:37 PM: INFO: ************* Providing customer info **********
12/18/2019 01:47:49 PM: INFO: ************* Saving customer info **********
12/18/2019 01:47:49 PM: INFO: ********* Add customer validation started *****************
12/18/2019 01:47:49 PM: INFO: ********* Add customer Test Passed *********
12/18/2019 01:47:49 PM: INFO: ******* Ending Home Page Title Test **********
12/18/2019 01:47:55 PM: INFO: ************** Test_001_Login ************ 
12/18/2019 01:47:55 PM: INFO: ************** Started home page title test ************ 
12/18/2019 01:47:58 PM: INFO: ************** Home PageTitle test is passed ************ 
12/18/2019 01:48:03 PM: INFO: ************** Login Test is started ************ 
12/18/2019 01:48:10 PM: INFO: ************** Login test test is passed ************ 
12/18/2019 01:48:15 PM: INFO: ******* Starting Test_002_DDT_Login Test **********
12/18/2019 01:48:15 PM: INFO: ******* Starting Login DDT Test **********
12/18/2019 01:48:31 PM: INFO: **** passed ****
12/18/2019 01:48:38 PM: INFO: **** passed ****
12/18/2019 01:48:44 PM: INFO: **** passed ****
12/18/2019 01:48:49 PM: INFO: **** passed ****
12/18/2019 01:48:49 PM: INFO: ******* DDT Login test passed **********
12/18/2019 01:48:49 PM: INFO: ******* End of Login DDT Test **********
12/18/2019 01:48:49 PM: INFO: **************** Completed  TC_LoginDDT_002 ************* 
12/18/2019 01:48:55 PM: INFO: ************* SearchCustomerByEmail_004 **********
12/18/2019 01:49:06 PM: INFO: ************* Login succesful **********
12/18/2019 01:49:06 PM: INFO: ******* Starting Search Customer By Email **********
12/18/2019 01:49:08 PM: INFO: ************* searching customer by emailID **********
12/18/2019 01:49:29 PM: INFO: ************* SearchCustomerByName_005 **********
12/18/2019 01:49:43 PM: INFO: ************* Login succesful **********
12/18/2019 01:49:43 PM: INFO: ******* Starting Search Customer By Name **********
12/18/2019 01:49:47 PM: INFO: ************* searching customer by Name **********
12/18/2019 01:52:47 PM: INFO: ************* Test_003_AddCustomer **********
12/18/2019 01:52:58 PM: INFO: ************* Login succesful **********
12/18/2019 01:52:58 PM: INFO: ******* Starting Add Customer Test **********
12/18/2019 01:53:03 PM: INFO: ************* Providing customer info **********
12/18/2019 01:53:15 PM: INFO: ************* Saving customer info **********
12/18/2019 01:53:15 PM: INFO: ********* Add customer validation started *****************
12/18/2019 01:53:16 PM: INFO: ********* Add customer Test Passed *********
12/18/2019 01:53:16 PM: INFO: ******* Ending Home Page Title Test **********
12/18/2019 01:53:21 PM: INFO: ************** Test_001_Login ************ 
12/18/2019 01:53:21 PM: INFO: ************** Started home page title test ************ 
12/18/2019 01:53:25 PM: INFO: ************** Home PageTitle test is passed ************ 
12/18/2019 01:53:30 PM: INFO: ************** Login Test is started ************ 
12/18/2019 01:53:37 PM: INFO: ************** Login test test is passed ************ 
12/18/2019 01:53:46 PM: INFO: ******* Starting Test_002_DDT_Login Test **********
12/18/2019 01:53:46 PM: INFO: ******* Starting Login DDT Test **********
12/18/2019 01:54:03 PM: INFO: **** passed ****
12/18/2019 01:54:10 PM: INFO: **** passed ****
12/18/2019 01:54:16 PM: INFO: **** passed ****
12/18/2019 01:54:22 PM: INFO: **** passed ****
12/18/2019 01:54:22 PM: INFO: ******* DDT Login test passed **********
12/18/2019 01:54:22 PM: INFO: ******* End of Login DDT Test **********
12/18/2019 01:54:22 PM: INFO: **************** Completed  TC_LoginDDT_002 ************* 
12/18/2019 01:54:27 PM: INFO: ************* SearchCustomerByEmail_004 **********
12/18/2019 01:54:37 PM: INFO: ************* Login succesful **********
12/18/2019 01:54:37 PM: INFO: ******* Starting Search Customer By Email **********
12/18/2019 01:54:40 PM: INFO: ************* searching customer by emailID **********
12/18/2019 01:55:01 PM: INFO: ************* SearchCustomerByName_005 **********
12/18/2019 01:55:14 PM: INFO: ************* Login succesful **********
12/18/2019 01:55:14 PM: INFO: ******* Starting Search Customer By Name **********
12/18/2019 01:55:20 PM: INFO: ************* searching customer by Name **********
12/18/2019 02:06:57 PM: INFO: ************* Test_003_AddCustomer **********
12/18/2019 02:07:09 PM: INFO: ************* Login succesful **********
12/18/2019 02:07:09 PM: INFO: ******* Starting Add Customer Test **********
12/18/2019 02:07:14 PM: INFO: ************* Providing customer info **********
12/18/2019 02:07:26 PM: INFO: ************* Saving customer info **********
12/18/2019 02:07:26 PM: INFO: ********* Add customer validation started *****************
12/18/2019 02:07:26 PM: INFO: ********* Add customer Test Passed *********
12/18/2019 02:07:26 PM: INFO: ******* Ending Home Page Title Test **********
12/18/2019 02:07:32 PM: INFO: ************** Test_001_Login ************ 
12/18/2019 02:07:32 PM: INFO: ************** Started home page title test ************ 
12/18/2019 02:07:34 PM: INFO: ************** Home PageTitle test is passed ************ 
12/18/2019 02:07:39 PM: INFO: ************** Login Test is started ************ 
12/18/2019 02:07:49 PM: INFO: ************** Login test test is passed ************ 
12/18/2019 02:07:59 PM: INFO: ******* Starting Test_002_DDT_Login Test **********
12/18/2019 02:07:59 PM: INFO: ******* Starting Login DDT Test **********
12/18/2019 02:08:16 PM: INFO: **** passed ****
12/18/2019 02:08:24 PM: INFO: **** passed ****
12/18/2019 02:08:30 PM: INFO: **** passed ****
12/18/2019 02:08:36 PM: INFO: **** passed ****
12/18/2019 02:08:36 PM: INFO: ******* DDT Login test passed **********
12/18/2019 02:08:36 PM: INFO: ******* End of Login DDT Test **********
12/18/2019 02:08:36 PM: INFO: **************** Completed  TC_LoginDDT_002 ************* 
12/18/2019 02:08:41 PM: INFO: ************* SearchCustomerByEmail_004 **********
12/18/2019 02:08:52 PM: INFO: ************* Login succesful **********
12/18/2019 02:08:52 PM: INFO: ******* Starting Search Customer By Email **********
12/18/2019 02:08:54 PM: INFO: ************* searching customer by emailID **********
12/18/2019 02:09:16 PM: INFO: ************* SearchCustomerByName_005 **********
12/18/2019 02:09:32 PM: INFO: ************* Login succesful **********
12/18/2019 02:09:32 PM: INFO: ******* Starting Search Customer By Name **********
12/18/2019 02:09:32 PM: INFO: ************* Test_003_AddCustomer **********
12/18/2019 02:09:37 PM: INFO: ************* searching customer by Name **********
12/18/2019 02:10:25 PM: INFO: ************* Test_003_AddCustomer **********
12/18/2019 02:10:38 PM: INFO: ************* Login succesful **********
12/18/2019 02:10:38 PM: INFO: ******* Starting Add Customer Test **********
12/18/2019 02:10:43 PM: INFO: ************* Providing customer info **********
12/18/2019 02:10:55 PM: INFO: ************* Saving customer info **********
12/18/2019 02:10:55 PM: INFO: ********* Add customer validation started *****************
12/18/2019 02:10:55 PM: INFO: ********* Add customer Test Passed *********
12/18/2019 02:11:00 PM: INFO: ******* Ending Home Page Title Test **********
12/18/2019 02:11:05 PM: INFO: ************** Login Test is started ************ 
12/18/2019 02:11:14 PM: INFO: ************** Login test test is passed ************ 
